Arguments: 
  /usr/bin/node /usr/share/yarn/bin/yarn.js

PATH: 
  /usr/local/sbin:/usr/local/bin:/usr/sbin:/usr/bin:/sbin:/bin:/usr/games:/usr/local/games:/snap/bin

Yarn version: 
  1.7.0

Node version: 
  8.10.0

Platform: 
  linux x64

Trace: 
  SyntaxError: /media/k/Stuff/Sites/git/hyperstyle/examples/transaction/package.json: Unexpected token } in JSON at position 483
      at JSON.parse (<anonymous>)
      at /usr/share/yarn/lib/cli.js:1130:59
      at Generator.next (<anonymous>)
      at step (/usr/share/yarn/lib/cli.js:98:30)
      at /usr/share/yarn/lib/cli.js:109:13
      at <anonymous>

npm manifest: 
  {
  	"name": "transaction",
  	"version": "0.0.1",
  	"private": true,
  	"description": "Hyperact transaction example",
  	"main": "bundle.js",
  	"scripts": {
  		"build": "webpack --mode=production --progress --colors",
  		"dev": "webpack --mode=development --progress --colors",
  		"test": "echo \"Error: no test specified\" && exit 1"
  	},
  	"author": "Kevin Doughty",
  	"license": "Apache-2.0",
  	"notUsed": {
  		"babel-preset-es2015": "^6.18.0",
  		"babel-preset-es2015-native-modules": "^6.9.4",
  	},
  	"dependencies": {
  		"hyperstyle": "0.0.2"
  	},
  	"devDependencies": {
  		"babel-core": "^6.26.3",
  		"babel-loader": "^7.1.5",
  		"babel-preset-env": "^1.7.0",
  		"webpack": "^4.16.2",
  		"webpack-cli": "^3.1.0",
  		"webpack-dev-server": "^3.1.5"
  	}
  }

yarn manifest: 
  No manifest

Lockfile: 
  No lockfile
